<?xml version="1.0" encoding="UTF-8"?>
<testsuite xmlns:xsi="http://www.w3.org/2001/XMLSchema-instance" xsi:noNamespaceSchemaLocation="https://maven.apache.org/surefire/maven-surefire-plugin/xsd/surefire-test-report-3.0.xsd" version="3.0" name="TestRunner.Run" time="25.886" tests="1" errors="0" skipped="0" failures="0">
  <properties>
[...]
</properties>
  <testcase name="Successful Login with Valid Credentials" classname="Login" time="24.48">
    <system-out><![CDATA[
@sanity
Scenario: Successful Login with Valid Credentials                        # Features/LoginFeature.feature:4
Setup-sanity method executed...
[DEBUG] Resolution firefox=108 in cache (valid until 13:41:06 28/01/2023 IST)
[DEBUG] Resolution firefox108=0.32.0 in cache (valid until 12:41:06 29/01/2023 IST)
[INFO] Using geckodriver 0.32.0 (resolved driver for Firefox 108)
[DEBUG] Driver geckodriver 0.32.0 found in cache
[INFO] Exporting webdriver.gecko.driver as C:\Windows\system32\config\systemprofile\.cache\selenium\geckodriver\win64\0.32.0\geckodriver.exe
[DEBUG] Using SLF4J as the default logging framework
[DEBUG] -Dio.netty.leakDetection.level: simple
[DEBUG] -Dio.netty.leakDetection.targetRecords: 4
[DEBUG] Loaded default ResourceLeakDetector: io.netty.util.ResourceLeakDetector@326d27ac
[DEBUG] -Dio.netty.noUnsafe: false
[DEBUG] Java version: 11
[DEBUG] sun.misc.Unsafe.theUnsafe: available
[DEBUG] sun.misc.Unsafe.copyMemory: available
[DEBUG] sun.misc.Unsafe.storeFence: available
[DEBUG] java.nio.Buffer.address: available
[DEBUG] direct buffer constructor: unavailable: Reflective setAccessible(true) disabled
[DEBUG] java.nio.Bits.unaligned: available, true
[DEBUG] jdk.internal.misc.Unsafe.allocateUninitializedArray(int): unavailable: class io.netty.util.internal.PlatformDependent0$7 cannot access class jdk.internal.misc.Unsafe (in module java.base) because module java.base does not export jdk.internal.misc to unnamed module @d771cc9
[DEBUG] java.nio.DirectByteBuffer.<init>(long, int): unavailable
[DEBUG] sun.misc.Unsafe: available
[DEBUG] maxDirectMemory: 3196059648 bytes (maybe)
[DEBUG] -Dio.netty.tmpdir: C:\Windows\TEMP (java.io.tmpdir)
[DEBUG] -Dio.netty.bitMode: 64 (sun.arch.data.model)
[DEBUG] Platform: Windows
[DEBUG] -Dio.netty.maxDirectMemory: -1 bytes
[DEBUG] -Dio.netty.uninitializedArrayAllocationThreshold: -1
[DEBUG] java.nio.ByteBuffer.cleaner(): available
[DEBUG] -Dio.netty.noPreferDirect: false
[DEBUG] org.jctools-core.MpscChunkedArrayQueue: available
[DEBUG] -Dio.netty.threadLocalMap.stringBuilder.initialSize: 1024
[DEBUG] -Dio.netty.threadLocalMap.stringBuilder.maxSize: 4096
[DEBUG] Default protocols (JDK): [TLSv1.3, TLSv1.2] 
[DEBUG] Default cipher suites (JDK): [TLS_ECDHE_ECDSA_WITH_AES_256_GCM_SHA384, TLS_ECDHE_ECDSA_WITH_AES_128_GCM_SHA256, TLS_ECDHE_RSA_WITH_AES_128_GCM_SHA256, TLS_ECDHE_RSA_WITH_AES_256_GCM_SHA384, TLS_ECDHE_RSA_WITH_AES_128_CBC_SHA, TLS_ECDHE_RSA_WITH_AES_256_CBC_SHA, TLS_RSA_WITH_AES_128_GCM_SHA256, TLS_RSA_WITH_AES_128_CBC_SHA, TLS_RSA_WITH_AES_256_CBC_SHA, TLS_AES_128_GCM_SHA256, TLS_AES_256_GCM_SHA384]
[DEBUG] -Dio.netty.eventLoopThreads: 16
[DEBUG] -Dio.netty.noKeySetOptimization: false
[DEBUG] -Dio.netty.selectorAutoRebuildThreshold: 512
[DEBUG] -Dio.netty.allocator.numHeapArenas: 16
[DEBUG] -Dio.netty.allocator.numDirectArenas: 16
[DEBUG] -Dio.netty.allocator.pageSize: 8192
[DEBUG] -Dio.netty.allocator.maxOrder: 9
[DEBUG] -Dio.netty.allocator.chunkSize: 4194304
[DEBUG] -Dio.netty.allocator.smallCacheSize: 256
[DEBUG] -Dio.netty.allocator.normalCacheSize: 64
[DEBUG] -Dio.netty.allocator.maxCachedBufferCapacity: 32768
[DEBUG] -Dio.netty.allocator.cacheTrimInterval: 8192
[DEBUG] -Dio.netty.allocator.cacheTrimIntervalMillis: 0
[DEBUG] -Dio.netty.allocator.useCacheForAllThreads: false
[DEBUG] -Dio.netty.allocator.maxCachedByteBuffersPerChunk: 1023
[DEBUG] -Dio.netty.allocator.type: pooled
[DEBUG] -Dio.netty.threadLocalDirectBufferSize: 0
[DEBUG] -Dio.netty.maxThreadLocalCharBufferSize: 16384
[DEBUG] -Dio.netty.processId: 740 (auto-detected)
[DEBUG] -Djava.net.preferIPv4Stack: false
[DEBUG] -Djava.net.preferIPv6Addresses: false
[DEBUG] Loopback interface: lo (Software Loopback Interface 1, 127.0.0.1)
[DEBUG] Failed to get SOMAXCONN from sysctl and file \proc\sys\net\core\somaxconn. Default: 200
[DEBUG] -Dio.netty.machineId: 00:00:00:00:00:00:00:e0 (auto-detected)
[DEBUG] -Dio.netty.buffer.checkAccessible: true
[DEBUG] -Dio.netty.buffer.checkBounds: true
[DEBUG] Loaded default ResourceLeakDetector: io.netty.util.ResourceLeakDetector@2620c9ed
[DEBUG] Using new Channel '[id: 0x7f73344b, L:/127.0.0.1:50998 - R:localhost/127.0.0.1:9359]' for 'POST' to '/session'
[DEBUG] -Dio.netty.recycler.maxCapacityPerThread: 4096
[DEBUG] -Dio.netty.recycler.ratio: 8
[DEBUG] -Dio.netty.recycler.chunkSize: 32
[DEBUG] -Dio.netty.recycler.blocking: false
[DEBUG] brotli4j not in the classpath; Brotli support will be unavailable.
[DEBUG] 

Request DefaultHttpRequest(decodeResult: success, version: HTTP/1.1)
POST /session HTTP/1.1
User-Agent: selenium/4.7.2 (java windows)
Content-Length: 381
Content-Type: application/json; charset=utf-8
host: localhost:9359
accept: */*

Response DefaultHttpResponse(decodeResult: success, version: HTTP/1.1)
HTTP/1.1 200 OK
content-type: application/json; charset=utf-8
cache-control: no-cache
date: Sat, 28 Jan 2023 07:41:57 GMT
content-length: 769

[DEBUG] Adding key: http://localhost:9359 for channel [id: 0x7f73344b, L:/127.0.0.1:50998 - R:localhost/127.0.0.1:9359]
[DEBUG] Using new Channel '[id: 0x09cca34e, L:/127.0.0.1:51012 - R:/127.0.0.1:15429]' for 'GET' to '/json/version'
[DEBUG] 

Request DefaultFullHttpRequest(decodeResult: success, version: HTTP/1.1, content: EmptyByteBufBE)
GET /json/version HTTP/1.1
User-Agent: selenium/4.7.2 (java windows)
host: 127.0.0.1:15429
accept: */*

Response DefaultHttpResponse(decodeResult: success, version: HTTP/1.1)
HTTP/1.1 200 OK
content-type: application/json
connection: close
server: httpd.js
date: Sat, 28 Jan 2023 07:42:04 GMT
content-length: 311

[DEBUG] Closing Channel [id: 0x09cca34e, L:/127.0.0.1:51012 - R:/127.0.0.1:15429] 
[DEBUG] Channel Closed: [id: 0x09cca34e, L:/127.0.0.1:51012 ! R:/127.0.0.1:15429] with attribute DISCARD
  Given User Launch Chrome browser                                       # StepDefinition.StepDef.user_launch_chrome_browser()
[DEBUG] Entry count for : http://localhost:9359 : 1
[DEBUG] Using pooled Channel '[id: 0x7f73344b, L:/127.0.0.1:50998 - R:localhost/127.0.0.1:9359]' for 'POST' to 'http://localhost:9359/session/4f349806-5223-471b-ab27-6da696c463dd/url'
[DEBUG] Using open Channel [id: 0x7f73344b, L:/127.0.0.1:50998 - R:localhost/127.0.0.1:9359] for POST '/session/4f349806-5223-471b-ab27-6da696c463dd/url'
[DEBUG] 

Request DefaultHttpRequest(decodeResult: success, version: HTTP/1.1)
POST /session/4f349806-5223-471b-ab27-6da696c463dd/url HTTP/1.1
User-Agent: selenium/4.7.2 (java windows)
Content-Length: 70
Content-Type: application/json; charset=utf-8
host: localhost:9359
accept: */*

Response DefaultHttpResponse(decodeResult: success, version: HTTP/1.1)
HTTP/1.1 200 OK
content-type: application/json; charset=utf-8
cache-control: no-cache
date: Sat, 28 Jan 2023 07:42:04 GMT
content-length: 14

[DEBUG] Adding key: http://localhost:9359 for channel [id: 0x7f73344b, L:/127.0.0.1:50998 - R:localhost/127.0.0.1:9359]
  When User opens URL "https://admin-demo.nopcommerce.com/login"         # StepDefinition.StepDef.user_opens_url(java.lang.String)
[DEBUG] Using pooled Channel '[id: 0x7f73344b, L:/127.0.0.1:50998 - R:localhost/127.0.0.1:9359]' for 'POST' to 'http://localhost:9359/session/4f349806-5223-471b-ab27-6da696c463dd/element'
[DEBUG] Using open Channel [id: 0x7f73344b, L:/127.0.0.1:50998 - R:localhost/127.0.0.1:9359] for POST '/session/4f349806-5223-471b-ab27-6da696c463dd/element'
[DEBUG] 

Request DefaultHttpRequest(decodeResult: success, version: HTTP/1.1)
POST /session/4f349806-5223-471b-ab27-6da696c463dd/element HTTP/1.1
User-Agent: selenium/4.7.2 (java windows)
Content-Length: 50
Content-Type: application/json; charset=utf-8
host: localhost:9359
accept: */*

Response DefaultHttpResponse(decodeResult: success, version: HTTP/1.1)
HTTP/1.1 200 OK
content-type: application/json; charset=utf-8
cache-control: no-cache
date: Sat, 28 Jan 2023 07:42:07 GMT
content-length: 88

[DEBUG] Adding key: http://localhost:9359 for channel [id: 0x7f73344b, L:/127.0.0.1:50998 - R:localhost/127.0.0.1:9359]
[DEBUG] Using pooled Channel '[id: 0x7f73344b, L:/127.0.0.1:50998 - R:localhost/127.0.0.1:9359]' for 'POST' to 'http://localhost:9359/session/4f349806-5223-471b-ab27-6da696c463dd/element/bbdace89-64cd-4a9e-9c9c-02920d4a206a/clear'
[DEBUG] Using open Channel [id: 0x7f73344b, L:/127.0.0.1:50998 - R:localhost/127.0.0.1:9359] for POST '/session/4f349806-5223-471b-ab27-6da696c463dd/element/bbdace89-64cd-4a9e-9c9c-02920d4a206a/clear'
[DEBUG] 

Request DefaultHttpRequest(decodeResult: success, version: HTTP/1.1)
POST /session/4f349806-5223-471b-ab27-6da696c463dd/element/bbdace89-64cd-4a9e-9c9c-02920d4a206a/clear HTTP/1.1
User-Agent: selenium/4.7.2 (java windows)
Content-Length: 50
Content-Type: application/json; charset=utf-8
host: localhost:9359
accept: */*

Response DefaultHttpResponse(decodeResult: success, version: HTTP/1.1)
HTTP/1.1 200 OK
content-type: application/json; charset=utf-8
cache-control: no-cache
date: Sat, 28 Jan 2023 07:42:07 GMT
content-length: 14

[DEBUG] Adding key: http://localhost:9359 for channel [id: 0x7f73344b, L:/127.0.0.1:50998 - R:localhost/127.0.0.1:9359]
[DEBUG] Using pooled Channel '[id: 0x7f73344b, L:/127.0.0.1:50998 - R:localhost/127.0.0.1:9359]' for 'POST' to 'http://localhost:9359/session/4f349806-5223-471b-ab27-6da696c463dd/element'
[DEBUG] Using open Channel [id: 0x7f73344b, L:/127.0.0.1:50998 - R:localhost/127.0.0.1:9359] for POST '/session/4f349806-5223-471b-ab27-6da696c463dd/element'
[DEBUG] 

Request DefaultHttpRequest(decodeResult: success, version: HTTP/1.1)
POST /session/4f349806-5223-471b-ab27-6da696c463dd/element HTTP/1.1
User-Agent: selenium/4.7.2 (java windows)
Content-Length: 50
Content-Type: application/json; charset=utf-8
host: localhost:9359
accept: */*

Response DefaultHttpResponse(decodeResult: success, version: HTTP/1.1)
HTTP/1.1 200 OK
content-type: application/json; charset=utf-8
cache-control: no-cache
date: Sat, 28 Jan 2023 07:42:07 GMT
content-length: 88

[DEBUG] Adding key: http://localhost:9359 for channel [id: 0x7f73344b, L:/127.0.0.1:50998 - R:localhost/127.0.0.1:9359]
[DEBUG] Using pooled Channel '[id: 0x7f73344b, L:/127.0.0.1:50998 - R:localhost/127.0.0.1:9359]' for 'POST' to 'http://localhost:9359/session/4f349806-5223-471b-ab27-6da696c463dd/element/bbdace89-64cd-4a9e-9c9c-02920d4a206a/value'
[DEBUG] Using open Channel [id: 0x7f73344b, L:/127.0.0.1:50998 - R:localhost/127.0.0.1:9359] for POST '/session/4f349806-5223-471b-ab27-6da696c463dd/element/bbdace89-64cd-4a9e-9c9c-02920d4a206a/value'
[DEBUG] 

Request DefaultHttpRequest(decodeResult: success, version: HTTP/1.1)
POST /session/4f349806-5223-471b-ab27-6da696c463dd/element/bbdace89-64cd-4a9e-9c9c-02920d4a206a/value HTTP/1.1
User-Agent: selenium/4.7.2 (java windows)
Content-Length: 271
Content-Type: application/json; charset=utf-8
host: localhost:9359
accept: */*

Response DefaultHttpResponse(decodeResult: success, version: HTTP/1.1)
HTTP/1.1 200 OK
content-type: application/json; charset=utf-8
cache-control: no-cache
date: Sat, 28 Jan 2023 07:42:07 GMT
content-length: 14

[DEBUG] Adding key: http://localhost:9359 for channel [id: 0x7f73344b, L:/127.0.0.1:50998 - R:localhost/127.0.0.1:9359]
[DEBUG] Using pooled Channel '[id: 0x7f73344b, L:/127.0.0.1:50998 - R:localhost/127.0.0.1:9359]' for 'POST' to 'http://localhost:9359/session/4f349806-5223-471b-ab27-6da696c463dd/element'
[DEBUG] Using open Channel [id: 0x7f73344b, L:/127.0.0.1:50998 - R:localhost/127.0.0.1:9359] for POST '/session/4f349806-5223-471b-ab27-6da696c463dd/element'
[DEBUG] 

Request DefaultHttpRequest(decodeResult: success, version: HTTP/1.1)
POST /session/4f349806-5223-471b-ab27-6da696c463dd/element HTTP/1.1
User-Agent: selenium/4.7.2 (java windows)
Content-Length: 53
Content-Type: application/json; charset=utf-8
host: localhost:9359
accept: */*

Response DefaultHttpResponse(decodeResult: success, version: HTTP/1.1)
HTTP/1.1 200 OK
content-type: application/json; charset=utf-8
cache-control: no-cache
date: Sat, 28 Jan 2023 07:42:07 GMT
content-length: 88

[DEBUG] Adding key: http://localhost:9359 for channel [id: 0x7f73344b, L:/127.0.0.1:50998 - R:localhost/127.0.0.1:9359]
[DEBUG] Using pooled Channel '[id: 0x7f73344b, L:/127.0.0.1:50998 - R:localhost/127.0.0.1:9359]' for 'POST' to 'http://localhost:9359/session/4f349806-5223-471b-ab27-6da696c463dd/element/77e68e11-cc0d-4ead-be01-a1893e5ce469/clear'
[DEBUG] Using open Channel [id: 0x7f73344b, L:/127.0.0.1:50998 - R:localhost/127.0.0.1:9359] for POST '/session/4f349806-5223-471b-ab27-6da696c463dd/element/77e68e11-cc0d-4ead-be01-a1893e5ce469/clear'
[DEBUG] 

Request DefaultHttpRequest(decodeResult: success, version: HTTP/1.1)
POST /session/4f349806-5223-471b-ab27-6da696c463dd/element/77e68e11-cc0d-4ead-be01-a1893e5ce469/clear HTTP/1.1
User-Agent: selenium/4.7.2 (java windows)
Content-Length: 50
Content-Type: application/json; charset=utf-8
host: localhost:9359
accept: */*

Response DefaultHttpResponse(decodeResult: success, version: HTTP/1.1)
HTTP/1.1 200 OK
content-type: application/json; charset=utf-8
cache-control: no-cache
date: Sat, 28 Jan 2023 07:42:07 GMT
content-length: 14

[DEBUG] Adding key: http://localhost:9359 for channel [id: 0x7f73344b, L:/127.0.0.1:50998 - R:localhost/127.0.0.1:9359]
[DEBUG] Using pooled Channel '[id: 0x7f73344b, L:/127.0.0.1:50998 - R:localhost/127.0.0.1:9359]' for 'POST' to 'http://localhost:9359/session/4f349806-5223-471b-ab27-6da696c463dd/element'
[DEBUG] Using open Channel [id: 0x7f73344b, L:/127.0.0.1:50998 - R:localhost/127.0.0.1:9359] for POST '/session/4f349806-5223-471b-ab27-6da696c463dd/element'
[DEBUG] 

Request DefaultHttpRequest(decodeResult: success, version: HTTP/1.1)
POST /session/4f349806-5223-471b-ab27-6da696c463dd/element HTTP/1.1
User-Agent: selenium/4.7.2 (java windows)
Content-Length: 53
Content-Type: application/json; charset=utf-8
host: localhost:9359
accept: */*

Response DefaultHttpResponse(decodeResult: success, version: HTTP/1.1)
HTTP/1.1 200 OK
content-type: application/json; charset=utf-8
cache-control: no-cache
date: Sat, 28 Jan 2023 07:42:07 GMT
content-length: 88

[DEBUG] Adding key: http://localhost:9359 for channel [id: 0x7f73344b, L:/127.0.0.1:50998 - R:localhost/127.0.0.1:9359]
[DEBUG] Using pooled Channel '[id: 0x7f73344b, L:/127.0.0.1:50998 - R:localhost/127.0.0.1:9359]' for 'POST' to 'http://localhost:9359/session/4f349806-5223-471b-ab27-6da696c463dd/element/77e68e11-cc0d-4ead-be01-a1893e5ce469/value'
[DEBUG] Using open Channel [id: 0x7f73344b, L:/127.0.0.1:50998 - R:localhost/127.0.0.1:9359] for POST '/session/4f349806-5223-471b-ab27-6da696c463dd/element/77e68e11-cc0d-4ead-be01-a1893e5ce469/value'
[DEBUG] 

Request DefaultHttpRequest(decodeResult: success, version: HTTP/1.1)
POST /session/4f349806-5223-471b-ab27-6da696c463dd/element/77e68e11-cc0d-4ead-be01-a1893e5ce469/value HTTP/1.1
User-Agent: selenium/4.7.2 (java windows)
Content-Length: 131
Content-Type: application/json; charset=utf-8
host: localhost:9359
accept: */*

Response DefaultHttpResponse(decodeResult: success, version: HTTP/1.1)
HTTP/1.1 200 OK
content-type: application/json; charset=utf-8
cache-control: no-cache
date: Sat, 28 Jan 2023 07:42:07 GMT
content-length: 14

[DEBUG] Adding key: http://localhost:9359 for channel [id: 0x7f73344b, L:/127.0.0.1:50998 - R:localhost/127.0.0.1:9359]
  And User enters Email as "admin@yourstore.com" and password as "admin" # StepDefinition.StepDef.user_enters_email_as_and_password_as(java.lang.String,java.lang.String)
[DEBUG] Using pooled Channel '[id: 0x7f73344b, L:/127.0.0.1:50998 - R:localhost/127.0.0.1:9359]' for 'POST' to 'http://localhost:9359/session/4f349806-5223-471b-ab27-6da696c463dd/element'
[DEBUG] Using open Channel [id: 0x7f73344b, L:/127.0.0.1:50998 - R:localhost/127.0.0.1:9359] for POST '/session/4f349806-5223-471b-ab27-6da696c463dd/element'
[DEBUG] 

Request DefaultHttpRequest(decodeResult: success, version: HTTP/1.1)
POST /session/4f349806-5223-471b-ab27-6da696c463dd/element HTTP/1.1
User-Agent: selenium/4.7.2 (java windows)
Content-Length: 87
Content-Type: application/json; charset=utf-8
host: localhost:9359
accept: */*

Response DefaultHttpResponse(decodeResult: success, version: HTTP/1.1)
HTTP/1.1 200 OK
content-type: application/json; charset=utf-8
cache-control: no-cache
date: Sat, 28 Jan 2023 07:42:07 GMT
content-length: 88

[DEBUG] Adding key: http://localhost:9359 for channel [id: 0x7f73344b, L:/127.0.0.1:50998 - R:localhost/127.0.0.1:9359]
[DEBUG] Using pooled Channel '[id: 0x7f73344b, L:/127.0.0.1:50998 - R:localhost/127.0.0.1:9359]' for 'POST' to 'http://localhost:9359/session/4f349806-5223-471b-ab27-6da696c463dd/element/39670ad9-0a48-4cb4-a3d4-04886983f254/click'
[DEBUG] Using open Channel [id: 0x7f73344b, L:/127.0.0.1:50998 - R:localhost/127.0.0.1:9359] for POST '/session/4f349806-5223-471b-ab27-6da696c463dd/element/39670ad9-0a48-4cb4-a3d4-04886983f254/click'
[DEBUG] 

Request DefaultHttpRequest(decodeResult: success, version: HTTP/1.1)
POST /session/4f349806-5223-471b-ab27-6da696c463dd/element/39670ad9-0a48-4cb4-a3d4-04886983f254/click HTTP/1.1
User-Agent: selenium/4.7.2 (java windows)
Content-Length: 50
Content-Type: application/json; charset=utf-8
host: localhost:9359
accept: */*

Response DefaultHttpResponse(decodeResult: success, version: HTTP/1.1)
HTTP/1.1 200 OK
content-type: application/json; charset=utf-8
cache-control: no-cache
date: Sat, 28 Jan 2023 07:42:07 GMT
content-length: 14

[DEBUG] Adding key: http://localhost:9359 for channel [id: 0x7f73344b, L:/127.0.0.1:50998 - R:localhost/127.0.0.1:9359]
  And Click on Login                                                     # StepDefinition.StepDef.click_on_login()
[DEBUG] Using pooled Channel '[id: 0x7f73344b, L:/127.0.0.1:50998 - R:localhost/127.0.0.1:9359]' for 'GET' to 'http://localhost:9359/session/4f349806-5223-471b-ab27-6da696c463dd/title'
[DEBUG] Using open Channel [id: 0x7f73344b, L:/127.0.0.1:50998 - R:localhost/127.0.0.1:9359] for GET '/session/4f349806-5223-471b-ab27-6da696c463dd/title'
[DEBUG] 

Request DefaultFullHttpRequest(decodeResult: success, version: HTTP/1.1, content: EmptyByteBufBE)
GET /session/4f349806-5223-471b-ab27-6da696c463dd/title HTTP/1.1
User-Agent: selenium/4.7.2 (java windows)
Cache-Control: no-cache
Content-Type: application/json; charset=utf-8
host: localhost:9359
accept: */*

Response DefaultHttpResponse(decodeResult: success, version: HTTP/1.1)
HTTP/1.1 200 OK
content-type: application/json; charset=utf-8
cache-control: no-cache
date: Sat, 28 Jan 2023 07:42:14 GMT
content-length: 50

[DEBUG] Adding key: http://localhost:9359 for channel [id: 0x7f73344b, L:/127.0.0.1:50998 - R:localhost/127.0.0.1:9359]
  Then Page Title should be "Dashboard / nopCommerce administration"     # StepDefinition.StepDef.page_title_should_be(java.lang.String)
[DEBUG] Entry count for : http://localhost:9359 : 1
[DEBUG] Entry count for : http://localhost:9359 : 1
[DEBUG] Using pooled Channel '[id: 0x7f73344b, L:/127.0.0.1:50998 - R:localhost/127.0.0.1:9359]' for 'POST' to 'http://localhost:9359/session/4f349806-5223-471b-ab27-6da696c463dd/element'
[DEBUG] Using open Channel [id: 0x7f73344b, L:/127.0.0.1:50998 - R:localhost/127.0.0.1:9359] for POST '/session/4f349806-5223-471b-ab27-6da696c463dd/element'
[DEBUG] 

Request DefaultHttpRequest(decodeResult: success, version: HTTP/1.1)
POST /session/4f349806-5223-471b-ab27-6da696c463dd/element HTTP/1.1
User-Agent: selenium/4.7.2 (java windows)
Content-Length: 47
Content-Type: application/json; charset=utf-8
host: localhost:9359
accept: */*

Response DefaultHttpResponse(decodeResult: success, version: HTTP/1.1)
HTTP/1.1 200 OK
content-type: application/json; charset=utf-8
cache-control: no-cache
date: Sat, 28 Jan 2023 07:42:16 GMT
content-length: 88

[DEBUG] Adding key: http://localhost:9359 for channel [id: 0x7f73344b, L:/127.0.0.1:50998 - R:localhost/127.0.0.1:9359]
[DEBUG] Using pooled Channel '[id: 0x7f73344b, L:/127.0.0.1:50998 - R:localhost/127.0.0.1:9359]' for 'POST' to 'http://localhost:9359/session/4f349806-5223-471b-ab27-6da696c463dd/element/9436d5fa-6d4e-41e7-8ae6-90c3ccd1600f/click'
[DEBUG] Using open Channel [id: 0x7f73344b, L:/127.0.0.1:50998 - R:localhost/127.0.0.1:9359] for POST '/session/4f349806-5223-471b-ab27-6da696c463dd/element/9436d5fa-6d4e-41e7-8ae6-90c3ccd1600f/click'
[DEBUG] 

Request DefaultHttpRequest(decodeResult: success, version: HTTP/1.1)
POST /session/4f349806-5223-471b-ab27-6da696c463dd/element/9436d5fa-6d4e-41e7-8ae6-90c3ccd1600f/click HTTP/1.1
User-Agent: selenium/4.7.2 (java windows)
Content-Length: 50
Content-Type: application/json; charset=utf-8
host: localhost:9359
accept: */*

Response DefaultHttpResponse(decodeResult: success, version: HTTP/1.1)
HTTP/1.1 200 OK
content-type: application/json; charset=utf-8
cache-control: no-cache
date: Sat, 28 Jan 2023 07:42:16 GMT
content-length: 14

[DEBUG] Adding key: http://localhost:9359 for channel [id: 0x7f73344b, L:/127.0.0.1:50998 - R:localhost/127.0.0.1:9359]
  When user click on Logout link                                         # StepDefinition.StepDef.user_click_on_logout_link()
[DEBUG] Using pooled Channel '[id: 0x7f73344b, L:/127.0.0.1:50998 - R:localhost/127.0.0.1:9359]' for 'GET' to 'http://localhost:9359/session/4f349806-5223-471b-ab27-6da696c463dd/title'
[DEBUG] Using open Channel [id: 0x7f73344b, L:/127.0.0.1:50998 - R:localhost/127.0.0.1:9359] for GET '/session/4f349806-5223-471b-ab27-6da696c463dd/title'
[DEBUG] 

Request DefaultFullHttpRequest(decodeResult: success, version: HTTP/1.1, content: EmptyByteBufBE)
GET /session/4f349806-5223-471b-ab27-6da696c463dd/title HTTP/1.1
User-Agent: selenium/4.7.2 (java windows)
Cache-Control: no-cache
Content-Type: application/json; charset=utf-8
host: localhost:9359
accept: */*

Response DefaultHttpResponse(decodeResult: success, version: HTTP/1.1)
HTTP/1.1 200 OK
content-type: application/json; charset=utf-8
cache-control: no-cache
date: Sat, 28 Jan 2023 07:42:18 GMT
content-length: 29

[DEBUG] Adding key: http://localhost:9359 for channel [id: 0x7f73344b, L:/127.0.0.1:50998 - R:localhost/127.0.0.1:9359]
  Then Page Title should be "Your store. Login"                          # StepDefinition.StepDef.page_title_should_be(java.lang.String)
[DEBUG] -Dio.netty.initialSeedUniquifier: 0xa56c25b72e30a7cc
[DEBUG] Using new Channel '[id: 0x6a2dc6bb, L:/127.0.0.1:51039 - R:/127.0.0.1:15429]' for 'GET' to '/devtools/browser/18b61584-f985-412c-9b12-ae54ea98fa67'
[DEBUG] 

Request DefaultFullHttpRequest(decodeResult: success, version: HTTP/1.1, content: EmptyByteBufBE)
GET /devtools/browser/18b61584-f985-412c-9b12-ae54ea98fa67 HTTP/1.1
upgrade: websocket
connection: upgrade
sec-websocket-key: XXrnlvVjviGTbzS7lEiyxQ==
sec-websocket-version: 13
origin: http://127.0.0.1:15429
host: 127.0.0.1:15429
accept: */*
user-agent: AHC/2.1

Response DefaultHttpResponse(decodeResult: success, version: HTTP/1.1)
HTTP/1.1 101 Switching Protocols
Server: httpd.js
Upgrade: websocket
Connection: Upgrade
Sec-WebSocket-Accept: kAjIlN/du7OoZUU+gzWXLlxDqCc=
content-length: 0

[DEBUG] Using pooled Channel '[id: 0x7f73344b, L:/127.0.0.1:50998 - R:localhost/127.0.0.1:9359]' for 'DELETE' to 'http://localhost:9359/session/4f349806-5223-471b-ab27-6da696c463dd/window'
[DEBUG] Using open Channel [id: 0x7f73344b, L:/127.0.0.1:50998 - R:localhost/127.0.0.1:9359] for DELETE '/session/4f349806-5223-471b-ab27-6da696c463dd/window'
[DEBUG] Channel Closed: [id: 0x6a2dc6bb, L:/127.0.0.1:51039 ! R:/127.0.0.1:15429] with attribute DISCARD
[DEBUG] 

Request DefaultFullHttpRequest(decodeResult: success, version: HTTP/1.1, content: EmptyByteBufBE)
DELETE /session/4f349806-5223-471b-ab27-6da696c463dd/window HTTP/1.1
User-Agent: selenium/4.7.2 (java windows)
Content-Type: application/json; charset=utf-8
host: localhost:9359
accept: */*

Response DefaultHttpResponse(decodeResult: success, version: HTTP/1.1)
HTTP/1.1 200 OK
content-type: application/json; charset=utf-8
cache-control: no-cache
date: Sat, 28 Jan 2023 07:42:18 GMT
content-length: 12

[DEBUG] Adding key: http://localhost:9359 for channel [id: 0x7f73344b, L:/127.0.0.1:50998 - R:localhost/127.0.0.1:9359]
  And close browser                                                      # StepDefinition.StepDef.close_browser()
]]></system-out>
    <system-err><![CDATA[1674891717644	geckodriver	INFO	Listening on 127.0.0.1:9359
1674891718378	mozrunner::runner	INFO	Running command: "C:\\Program Files\\Mozilla Firefox\\firefox.exe" "--marionette" "--remote-debugging-port" "15429" "--remote-allow-hosts" "localhost" "--remote-allow-origins" "http://127.0.0.1:15429/,http://localhost:15429/,http://[::1]:15429/" "-no-remote" "-profile" "C:\\Windows\\TEMP\\rust_mozprofileqhc3N7"
1674891718996	Marionette	INFO	Marionette enabled
1674891719006	Marionette	INFO	Listening on port 51003
Read port: 51003
WebDriver BiDi listening on ws://127.0.0.1:15429
1674891719266	RemoteAgent	WARN	TLS certificate errors will be ignored for this session
[GFX1-]: RcANGLE(no compositor window)
[GFX1-]: Failed to connect WebRenderBridgeChild. isParent=true
[GFX1-]: Fallback WR to SW-WR + D3D11
[GFX1-]: [D3D11] create swap chain failed: 0x887a0022, 0
[GFX1-]: Failed to initialize CompositorD3D11 for SWGL: FEATURE_FAILURE_D3D11_SWAP_CHAIN
[GFX1-]: Failed to create a D2D1 content device: 0x800736b7
[GFX1-]: Failed to create a D2D1 content device: 0x800736b7
console.warn: SearchSettings: "get: No settings file exists, new profile?" (new NotFoundError("Could not open the file at C:\\Windows\\TEMP\\rust_mozprofileqhc3N7\\search.json.mozlz4", (void 0)))
DevTools listening on ws://127.0.0.1:15429/devtools/browser/18b61584-f985-412c-9b12-ae54ea98fa67
console.warn: LoginRecipes: "Falling back to a synchronous message for: https://admin-demo.nopcommerce.com."
console.warn: LoginRecipes: "Falling back to a synchronous message for: https://admin-demo.nopcommerce.com."
1674891738528	RemoteAgent	INFO	Perform WebSocket upgrade for incoming connection from 127.0.0.1:51039
1674891738543	CDP	ERROR	Invalid browser preferences for CDP. Set "fission.webContentIsolationStrategy"to 0 and "fission.bfcacheInParent" to false before Firefox starts.
1674891738642	Marionette	INFO	Stopped listening on port 51003
]]></system-err>
  </testcase>
</testsuite>